<?xml version="1.0" encoding="UTF-8"?>
<!-- Generated by org.testng.reporters.JUnitXMLReporter -->
<testsuite hostname="avinash-PC" name="Test" tests="58" failures="3" timestamp="2 Jun 2020 12:27:34 GMT" time="2.368" errors="0">
  <testcase name="SignIn" time="0.015" classname="Data_Driven_Testing.ByUsing_ApachePoi"/>
  <testcase name="SignIn" time="0.003" classname="Data_Driven_Testing.ByUsing_ApachePoi"/>
  <testcase name="SignIn" time="0.002" classname="Data_Driven_Testing.ByUsing_ApachePoi"/>
  <testcase name="SignIn" time="0.002" classname="Data_Driven_Testing.ByUsing_ApachePoi"/>
  <testcase name="m1" time="0.002" classname="TestNGDemo.TestAnnotation">
    <skipped/>
  </testcase> <!-- m1 -->
  <testcase name="m3" time="0.002" classname="TestNGDemo.TestAnnotation"/>
  <testcase name="SignIn" time="0.004" classname="crossBrowsertestCase.Verify_Browser"/>
  <testcase name="SignIn" time="0.004" classname="crossBrowsertestCase.Verify_Browser"/>
  <testcase name="m3" time="0.003" classname="AnnotationsPkg.TestAnnotations"/>
  <testcase name="m1" time="0.003" classname="AnnotationsPkg.TestAnnotations"/>
  <testcase name="account" time="0.003" classname="TestNGDemo.StaticClassMethod"/>
  <testcase name="m1" time="0.002" classname="TestNGDemo.StaticClassMethod"/>
  <testcase name="tc_02" time="0.015" classname="Listener.ListnerTest">
    <failure type="java.lang.AssertionError" message="expected [true] but found [false]">
      <![CDATA[java.lang.AssertionError: expected [true] but found [false]
	at Listener.ListnerTest.tc_02(ListnerTest.java:18)
... Removed 28 stack frames]]>
    </failure>
  </testcase> <!-- tc_02 -->
  <testcase name="tc_01" time="0.003" classname="Listener.ListnerTest"/>
  <testcase name="positiveTestCase" time="0.002" classname="TestNGDemo.SignUp"/>
  <testcase name="positiveTestCase" time="0.002" classname="TestNGDemo.SignUp"/>
  <testcase name="positiveTestCase" time="0.003" classname="TestNGDemo.SignUp"/>
  <testcase name="negativeTestCase" time="0.023" classname="TestNGDemo.SignUp"/>
  <testcase name="m1" time="0.001" classname="TestNGDemo.ExceptionHandle">
    <skipped/>
  </testcase> <!-- m1 -->
  <testcase name="m1" time="0.003" classname="Listener.ListnerTestngDemo"/>
  <testcase name="m2" time="0.002" classname="Listener.ListnerTestngDemo"/>
  <testcase name="m1" time="0.002" classname="Assertion.HardAssert_Demo">
    <failure type="java.lang.AssertionError" message="10 is not greater than 20 expected [true] but found [false]">
      <![CDATA[java.lang.AssertionError: 10 is not greater than 20 expected [true] but found [false]
	at Assertion.HardAssert_Demo.m1(HardAssert_Demo.java:15)
... Removed 27 stack frames]]>
    </failure>
  </testcase> <!-- m1 -->
  <testcase name="add" time="0.001" classname="Reflection.LaunchBrowser">
    <skipped/>
  </testcase> <!-- add -->
  <testcase name="add" time="0.001" classname="Reflection.LaunchBrowser">
    <skipped/>
  </testcase> <!-- add -->
  <testcase name="m1" time="0.01" classname="Reflection.LaunchBrowser"/>
  <testcase name="m1" time="0.003" classname="TestNGDemo.ClassA">
    <failure type="java.lang.ArithmeticException">
      <![CDATA[java.lang.ArithmeticException
	at TestNGDemo.ClassA.m1(ClassA.java:11)
... Removed 24 stack frames]]>
    </failure>
  </testcase> <!-- m1 -->
  <testcase name="m3" time="0.002" classname="TestNGDemo.ClassA"/>
  <testcase name="m4" time="0.001" classname="TestNGDemo.ClassA"/>
  <testcase name="m6" time="0.002" classname="TestNGDemo.ClassA"/>
  <testcase name="display" time="0.002" classname="TestNGDemo.Smoke"/>
  <testcase name="login" time="0.002" classname="TestNGDemo.Smoke"/>
  <testcase name="Display" time="0.003" classname="UsingApachePoi.TestcaseforReadFile"/>
  <testcase name="Display" time="0.002" classname="UsingApachePoi.TestcaseforReadFile"/>
  <testcase name="Display" time="0.002" classname="UsingApachePoi.TestcaseforReadFile"/>
  <testcase name="Display" time="0.004" classname="UsingApachePoi.TestcaseforReadFile"/>
  <testcase name="m1" time="0.003" classname="Testcases.SampleTest"/>
  <testcase name="m1" time="0.002" classname="Testcases.SampleTest"/>
  <testcase name="m1" time="0.001" classname="Testcases.SampleTest"/>
  <testcase name="m1" time="0.002" classname="Testcases.SampleTest"/>
  <testcase name="m1" time="0.001" classname="Testcases.SampleTest"/>
  <testcase name="m6" time="0.003" classname="TestNGDemo.ClassC"/>
  <testcase name="m1" time="0.007" classname="TestNGDemo.ClassC"/>
  <testcase name="m2" time="0.004" classname="TestNGDemo.ClassC"/>
  <testcase name="m3" time="0.003" classname="TestNGDemo.ClassC"/>
  <testcase name="m4" time="0.004" classname="TestNGDemo.ClassC"/>
  <testcase name="m5" time="0.001" classname="TestNGDemo.ClassC"/>
  <testcase name="m1" time="0.002" classname="TestNGDemo.ClassB"/>
  <testcase name="m5" time="0.01" classname="TestNGDemo.ClassB"/>
  <testcase name="m2" time="0.001" classname="TestNGDemo.ClassB"/>
  <testcase name="m3" time="0.001" classname="TestNGDemo.ClassB"/>
  <testcase name="m4" time="0.003" classname="TestNGDemo.ClassB"/>
  <testcase name="m6" time="0.004" classname="TestNGDemo.ClassB"/>
  <testcase name="m5" time="0.004" classname="TestNGDemo.TestAutomation"/>
  <testcase name="m3" time="0.002" classname="TestNGDemo.TestAutomation"/>
  <testcase name="m1" time="0.001" classname="TestNGDemo.TestAutomation"/>
  <testcase name="tc_03" time="0.001" classname="Listener.ListnerTest">
    <skipped/>
  </testcase> <!-- tc_03 -->
  <testcase name="m2" time="0.007" classname="TestNGDemo.ClassA">
    <skipped/>
  </testcase> <!-- m2 -->
  <testcase name="m5" time="0.001" classname="TestNGDemo.ClassA">
    <skipped/>
  </testcase> <!-- m5 -->
</testsuite> <!-- Test -->
